<?xml version="1.0" encoding="UTF-8"?>
<!-- Generated by org.testng.reporters.JUnitReportReporter -->
<testsuite hostname="LAPTOP-ACRQ2C9L" name="GenerateReportsAutomation" tests="23" failures="0" timestamp="6 Jun 2018 07:22:31 GMT" time="329.329" errors="1">
  <testcase name="verifyFAQlink" time="0.918" classname="GenerateReportsAutomation"/>
  <testcase name="verifybrandlink" time="0.462" classname="GenerateReportsAutomation"/>
  <testcase name="verifyLoginPage" time="0.368" classname="GenerateReportsAutomation"/>
  <testcase name="PlaceOrderBySKUSearch" time="0.377" classname="GenerateReportsAutomation"/>
  <testcase name="PlaceOrderCategorywithloggedin" time="0.385" classname="GenerateReportsAutomation"/>
  <testcase name="PlacedOrderTVelebWithRegistration" time="0.328" classname="GenerateReportsAutomation"/>
  <testcase name="verifycelebritylink" time="0.820" classname="GenerateReportsAutomation"/>
  <testcase name="verifyMyAccountlink" time="0.343" classname="GenerateReportsAutomation"/>
  <testcase name="verifyTVlink" time="0.587" classname="GenerateReportsAutomation"/>
  <testcase name="OrderBySlectingSKincarewithalphabet" time="52.144" classname="GenerateReportsAutomation"/>
  <testcase name="VerfyplaceOrder" time="0.388" classname="GenerateReportsAutomation"/>
  <testcase name="PlaceOrder2WishlistWithbrand" time="1.028" classname="GenerateReportsAutomation"/>
  <testcase name="PlaceOrderThroughCelebrityforQatar" time="0.860" classname="GenerateReportsAutomation"/>
  <testcase name="PlaceOrderThroughCelebrity" time="0.397" classname="GenerateReportsAutomation"/>
  <testcase name="PlaceOrderWithTVinArabic" time="0.366" classname="GenerateReportsAutomation"/>
  <testcase name="VerifyHomepageLink" time="21.712" classname="GenerateReportsAutomation"/>
  <testcase name="placeOrderOneProduct" time="0.407" classname="GenerateReportsAutomation"/>
  <testcase name="OrderWithsingleproductMutlipleQntity" time="0.645" classname="GenerateReportsAutomation"/>
  <testcase name="verifyLoginlink" time="0.392" classname="GenerateReportsAutomation"/>
  <testcase name="verifyBoutiqaatlink" time="0.596" classname="GenerateReportsAutomation"/>
  <testcase name="PlaceOrder2proWishlistWithbrand" time="244.647" classname="GenerateReportsAutomation">
    <error type="org.openqa.selenium.NoSuchElementException" message="no such element: Unable to locate element: {&quot;method&quot;:&quot;xpath&quot;,&quot;selector&quot;:&quot;//*[@id=&quot;product_addtocart_form&quot;]/div/div/div[2]/div[1]/a/span&quot;}
  (Session info: chrome=67.0.3396.62)
  (Driver info: chromedriver=2.38.552522 (437e6fbedfa8762dec75e2c5b3ddb86763dc9dcb),platform=Windows NT 10.0.17134 x86_64) (WARNING: The server did not provide any stacktrace information)
Command duration or timeout: 0 milliseconds
For documentation on this error, please visit: http://seleniumhq.org/exceptions/no_such_element.html
Build info: version: &#039;3.11.0&#039;, revision: &#039;e59cfb3&#039;, time: &#039;2018-03-11T20:33:08.638Z&#039;
System info: host: &#039;LAPTOP-ACRQ2C9L&#039;, ip: &#039;192.168.20.120&#039;, os.name: &#039;Windows 10&#039;, os.arch: &#039;amd64&#039;, os.version: &#039;10.0&#039;, java.version: &#039;1.8.0_171&#039;
Driver info: org.openqa.selenium.chrome.ChromeDriver
Capabilities {acceptInsecureCerts: false, acceptSslCerts: false, applicationCacheEnabled: false, browserConnectionEnabled: false, browserName: chrome, chrome: {chromedriverVersion: 2.38.552522 (437e6fbedfa876..., userDataDir: C:\Users\Shweta\AppData\Loc...}, cssSelectorsEnabled: true, databaseEnabled: false, handlesAlerts: true, hasTouchScreen: false, javascriptEnabled: true, locationContextEnabled: true, mobileEmulationEnabled: false, nativeEvents: true, networkConnectionEnabled: false, pageLoadStrategy: normal, platform: XP, platformName: XP, rotatable: false, setWindowRect: true, takesHeapSnapshot: true, takesScreenshot: true, unexpectedAlertBehaviour: , unhandledPromptBehavior: , version: 67.0.3396.62, webStorageEnabled: true}
Session ID: 6d15ac01579e8bd74b779cd698325f18
*** Element info: {Using=xpath, value=//*[@id=&quot;product_addtocart_form&quot;]/div/div/div[2]/div[1]/a/span}">
      <![CDATA[org.openqa.selenium.NoSuchElementException: no such element: Unable to locate element: {"method":"xpath","selector":"//*[@id="product_addtocart_form"]/div/div/div[2]/div[1]/a/span"}
  (Session info: chrome=67.0.3396.62)
  (Driver info: chromedriver=2.38.552522 (437e6fbedfa8762dec75e2c5b3ddb86763dc9dcb),platform=Windows NT 10.0.17134 x86_64) (WARNING: The server did not provide any stacktrace information)
Command duration or timeout: 0 milliseconds
For documentation on this error, please visit: http://seleniumhq.org/exceptions/no_such_element.html
Build info: version: '3.11.0', revision: 'e59cfb3', time: '2018-03-11T20:33:08.638Z'
System info: host: 'LAPTOP-ACRQ2C9L', ip: '192.168.20.120', os.name: 'Windows 10', os.arch: 'amd64', os.version: '10.0', java.version: '1.8.0_171'
Driver info: org.openqa.selenium.chrome.ChromeDriver
Capabilities {acceptInsecureCerts: false, acceptSslCerts: false, applicationCacheEnabled: false, browserConnectionEnabled: false, browserName: chrome, chrome: {chromedriverVersion: 2.38.552522 (437e6fbedfa876..., userDataDir: C:\Users\Shweta\AppData\Loc...}, cssSelectorsEnabled: true, databaseEnabled: false, handlesAlerts: true, hasTouchScreen: false, javascriptEnabled: true, locationContextEnabled: true, mobileEmulationEnabled: false, nativeEvents: true, networkConnectionEnabled: false, pageLoadStrategy: normal, platform: XP, platformName: XP, rotatable: false, setWindowRect: true, takesHeapSnapshot: true, takesScreenshot: true, unexpectedAlertBehaviour: , unhandledPromptBehavior: , version: 67.0.3396.62, webStorageEnabled: true}
Session ID: 6d15ac01579e8bd74b779cd698325f18
*** Element info: {Using=xpath, value=//*[@id="product_addtocart_form"]/div/div/div[2]/div[1]/a/span}
	at sun.reflect.NativeConstructorAccessorImpl.newInstance0(Native Method)
	at sun.reflect.NativeConstructorAccessorImpl.newInstance(Unknown Source)
	at sun.reflect.DelegatingConstructorAccessorImpl.newInstance(Unknown Source)
	at java.lang.reflect.Constructor.newInstance(Unknown Source)
	at org.openqa.selenium.remote.ErrorHandler.createThrowable(ErrorHandler.java:214)
	at org.openqa.selenium.remote.ErrorHandler.throwIfResponseFailed(ErrorHandler.java:166)
	at org.openqa.selenium.remote.http.JsonHttpResponseCodec.reconstructValue(JsonHttpResponseCodec.java:40)
	at org.openqa.selenium.remote.http.AbstractHttpResponseCodec.decode(AbstractHttpResponseCodec.java:80)
	at org.openqa.selenium.remote.http.AbstractHttpResponseCodec.decode(AbstractHttpResponseCodec.java:44)
	at org.openqa.selenium.remote.HttpCommandExecutor.execute(HttpCommandExecutor.java:158)
	at org.openqa.selenium.remote.service.DriverCommandExecutor.execute(DriverCommandExecutor.java:83)
	at org.openqa.selenium.remote.RemoteWebDriver.execute(RemoteWebDriver.java:545)
	at org.openqa.selenium.remote.RemoteWebDriver.findElement(RemoteWebDriver.java:319)
	at org.openqa.selenium.remote.RemoteWebDriver.findElementByXPath(RemoteWebDriver.java:421)
	at org.openqa.selenium.By$ByXPath.findElement(By.java:361)
	at org.openqa.selenium.remote.RemoteWebDriver.findElement(RemoteWebDriver.java:311)
	at ProductPage.AddToWishlist(ProductPage.java:27)
	at GenerateReportsAutomation.PlaceOrder2proWishlistWithbrand(GenerateReportsAutomation.java:669)
	at sun.reflect.NativeMethodAccessorImpl.invoke0(Native Method)
	at sun.reflect.NativeMethodAccessorImpl.invoke(Unknown Source)
	at sun.reflect.DelegatingMethodAccessorImpl.invoke(Unknown Source)
	at java.lang.reflect.Method.invoke(Unknown Source)
	at org.testng.internal.MethodInvocationHelper.invokeMethod(MethodInvocationHelper.java:86)
	at org.testng.internal.Invoker.invokeMethod(Invoker.java:643)
	at org.testng.internal.Invoker.invokeTestMethod(Invoker.java:820)
	at org.testng.internal.Invoker.invokeTestMethods(Invoker.java:1128)
	at org.testng.internal.TestMethodWorker.invokeTestMethods(TestMethodWorker.java:129)
	at org.testng.internal.TestMethodWorker.run(TestMethodWorker.java:112)
	at org.testng.TestRunner.privateRun(TestRunner.java:782)
	at org.testng.TestRunner.run(TestRunner.java:632)
	at org.testng.SuiteRunner.runTest(SuiteRunner.java:366)
	at org.testng.SuiteRunner.runSequentially(SuiteRunner.java:361)
	at org.testng.SuiteRunner.privateRun(SuiteRunner.java:319)
	at org.testng.SuiteRunner.run(SuiteRunner.java:268)
	at org.testng.SuiteRunnerWorker.runSuite(SuiteRunnerWorker.java:52)
	at org.testng.SuiteRunnerWorker.run(SuiteRunnerWorker.java:86)
	at org.testng.TestNG.runSuitesSequentially(TestNG.java:1244)
	at org.testng.TestNG.runSuitesLocally(TestNG.java:1169)
	at org.testng.TestNG.run(TestNG.java:1064)
	at org.testng.remote.AbstractRemoteTestNG.run(AbstractRemoteTestNG.java:114)
	at org.testng.remote.RemoteTestNG.initAndRun(RemoteTestNG.java:251)
	at org.testng.remote.RemoteTestNG.main(RemoteTestNG.java:77)
]]>
    </error>
  </testcase> <!-- PlaceOrder2proWishlistWithbrand -->
  <testcase name="OrderWithMultipleproductMutlipleQntity" time="0.890" classname="GenerateReportsAutomation"/>
  <testcase name="placeOrderTwoProductWithFilter" time="0.269" classname="GenerateReportsAutomation"/>
</testsuite> <!-- GenerateReportsAutomation -->
