<?xml version="1.0" encoding="UTF-8"?>
<!-- Generated by org.testng.reporters.JUnitXMLReporter -->
<testsuite hostname="LAPTOP-ACRQ2C9L" tests="23" failures="1" timestamp="6 Jun 2018 07:22:30 GMT" time="334.646" errors="0">
  <testcase name="VerifyHomepageLink" time="21.028" classname="GenerateReportsAutomation"/>
  <testcase name="OrderBySlectingSKincarewithalphabet" time="0.001" classname="GenerateReportsAutomation"/>
  <testcase name="OrderWithMultipleproductMutlipleQntity" time="0.004" classname="GenerateReportsAutomation"/>
  <testcase name="PlaceOrderBySKUSearch" time="0.002" classname="GenerateReportsAutomation"/>
  <testcase name="PlaceOrderCategorywithloggedin" time="0.001" classname="GenerateReportsAutomation"/>
  <testcase name="PlaceOrderWithTVinArabic" time="0.001" classname="GenerateReportsAutomation"/>
  <testcase name="PlacedOrderTVelebWithRegistration" time="0.001" classname="GenerateReportsAutomation"/>
  <testcase name="verifyLoginlink" time="0.0" classname="GenerateReportsAutomation"/>
  <testcase name="PlaceOrder2proWishlistWithbrand" time="244.309" classname="GenerateReportsAutomation">
    <failure type="org.openqa.selenium.NoSuchElementException" message="no such element: Unable to locate element: {&amp;quot;method&amp;quot;:&amp;quot;xpath&amp;quot;,&amp;quot;selector&amp;quot;:&amp;quot;//*[@id=&amp;quot;product_addtocart_form&amp;quot;]/div/div/div[2]/div[1]/a/span&amp;quot;}
  (Session info: chrome=67.0.3396.62)
  (Driver info: chromedriver=2.38.552522 (437e6fbedfa8762dec75e2c5b3ddb86763dc9dcb),platform=Windows NT 10.0.17134 x86_64) (WARNING: The server did not provide any stacktrace information)
Command duration or timeout: 0 milliseconds
For documentation on this error, please visit: http://seleniumhq.org/exceptions/no_such_element.html
Build info: version: &amp;apos;3.11.0&amp;apos;, revision: &amp;apos;e59cfb3&amp;apos;, time: &amp;apos;2018-03-11T20:33:08.638Z&amp;apos;
System info: host: &amp;apos;LAPTOP-ACRQ2C9L&amp;apos;, ip: &amp;apos;192.168.20.120&amp;apos;, os.name: &amp;apos;Windows 10&amp;apos;, os.arch: &amp;apos;amd64&amp;apos;, os.version: &amp;apos;10.0&amp;apos;, java.version: &amp;apos;1.8.0_171&amp;apos;
Driver info: org.openqa.selenium.chrome.ChromeDriver
Capabilities {acceptInsecureCerts: false, acceptSslCerts: false, applicationCacheEnabled: false, browserConnectionEnabled: false, browserName: chrome, chrome: {chromedriverVersion: 2.38.552522 (437e6fbedfa876..., userDataDir: C:\Users\Shweta\AppData\Loc...}, cssSelectorsEnabled: true, databaseEnabled: false, handlesAlerts: true, hasTouchScreen: false, javascriptEnabled: true, locationContextEnabled: true, mobileEmulationEnabled: false, nativeEvents: true, networkConnectionEnabled: false, pageLoadStrategy: normal, platform: XP, platformName: XP, rotatable: false, setWindowRect: true, takesHeapSnapshot: true, takesScreenshot: true, unexpectedAlertBehaviour: , unhandledPromptBehavior: , version: 67.0.3396.62, webStorageEnabled: true}
Session ID: 6d15ac01579e8bd74b779cd698325f18
*** Element info: {Using=xpath, value=//*[@id=&amp;quot;product_addtocart_form&amp;quot;]/div/div/div[2]/div[1]/a/span}">
      <![CDATA[org.openqa.selenium.NoSuchElementException: no such element: Unable to locate element: {"method":"xpath","selector":"//*[@id="product_addtocart_form"]/div/div/div[2]/div[1]/a/span"}
  (Session info: chrome=67.0.3396.62)
  (Driver info: chromedriver=2.38.552522 (437e6fbedfa8762dec75e2c5b3ddb86763dc9dcb),platform=Windows NT 10.0.17134 x86_64) (WARNING: The server did not provide any stacktrace information)
Command duration or timeout: 0 milliseconds
For documentation on this error, please visit: http://seleniumhq.org/exceptions/no_such_element.html
Build info: version: '3.11.0', revision: 'e59cfb3', time: '2018-03-11T20:33:08.638Z'
System info: host: 'LAPTOP-ACRQ2C9L', ip: '192.168.20.120', os.name: 'Windows 10', os.arch: 'amd64', os.version: '10.0', java.version: '1.8.0_171'
Driver info: org.openqa.selenium.chrome.ChromeDriver
Capabilities {acceptInsecureCerts: false, acceptSslCerts: false, applicationCacheEnabled: false, browserConnectionEnabled: false, browserName: chrome, chrome: {chromedriverVersion: 2.38.552522 (437e6fbedfa876..., userDataDir: C:\Users\Shweta\AppData\Loc...}, cssSelectorsEnabled: true, databaseEnabled: false, handlesAlerts: true, hasTouchScreen: false, javascriptEnabled: true, locationContextEnabled: true, mobileEmulationEnabled: false, nativeEvents: true, networkConnectionEnabled: false, pageLoadStrategy: normal, platform: XP, platformName: XP, rotatable: false, setWindowRect: true, takesHeapSnapshot: true, takesScreenshot: true, unexpectedAlertBehaviour: , unhandledPromptBehavior: , version: 67.0.3396.62, webStorageEnabled: true}
Session ID: 6d15ac01579e8bd74b779cd698325f18
*** Element info: {Using=xpath, value=//*[@id="product_addtocart_form"]/div/div/div[2]/div[1]/a/span}
	at org.openqa.selenium.remote.ErrorHandler.createThrowable(ErrorHandler.java:214)
	at org.openqa.selenium.remote.ErrorHandler.throwIfResponseFailed(ErrorHandler.java:166)
	at org.openqa.selenium.remote.http.JsonHttpResponseCodec.reconstructValue(JsonHttpResponseCodec.java:40)
	at org.openqa.selenium.remote.http.AbstractHttpResponseCodec.decode(AbstractHttpResponseCodec.java:80)
	at org.openqa.selenium.remote.http.AbstractHttpResponseCodec.decode(AbstractHttpResponseCodec.java:44)
	at org.openqa.selenium.remote.HttpCommandExecutor.execute(HttpCommandExecutor.java:158)
	at org.openqa.selenium.remote.service.DriverCommandExecutor.execute(DriverCommandExecutor.java:83)
	at org.openqa.selenium.remote.RemoteWebDriver.execute(RemoteWebDriver.java:545)
	at org.openqa.selenium.remote.RemoteWebDriver.findElement(RemoteWebDriver.java:319)
	at org.openqa.selenium.remote.RemoteWebDriver.findElementByXPath(RemoteWebDriver.java:421)
	at org.openqa.selenium.By$ByXPath.findElement(By.java:361)
	at org.openqa.selenium.remote.RemoteWebDriver.findElement(RemoteWebDriver.java:311)
	at ProductPage.AddToWishlist(ProductPage.java:27)
	at GenerateReportsAutomation.PlaceOrder2proWishlistWithbrand(GenerateReportsAutomation.java:669)
... Removed 28 stack frames]]>
    </failure>
  </testcase> <!-- PlaceOrder2proWishlistWithbrand -->
  <testcase name="verifyLoginPage" time="0.001" classname="GenerateReportsAutomation"/>
  <testcase name="VerfyplaceOrder" time="0.0" classname="GenerateReportsAutomation"/>
  <testcase name="verifycelebritylink" time="0.001" classname="GenerateReportsAutomation"/>
  <testcase name="PlaceOrderThroughCelebrity" time="0.001" classname="GenerateReportsAutomation"/>
  <testcase name="verifyMyAccountlink" time="0.0" classname="GenerateReportsAutomation"/>
  <testcase name="verifyFAQlink" time="0.001" classname="GenerateReportsAutomation"/>
  <testcase name="verifyBoutiqaatlink" time="0.0" classname="GenerateReportsAutomation"/>
  <testcase name="verifybrandlink" time="0.001" classname="GenerateReportsAutomation"/>
  <testcase name="PlaceOrder2WishlistWithbrand" time="0.001" classname="GenerateReportsAutomation"/>
  <testcase name="verifyTVlink" time="0.002" classname="GenerateReportsAutomation"/>
  <testcase name="PlaceOrderThroughCelebrityforQatar" time="0.002" classname="GenerateReportsAutomation"/>
  <testcase name="OrderWithsingleproductMutlipleQntity" time="0.001" classname="GenerateReportsAutomation"/>
  <testcase name="placeOrderOneProduct" time="0.0" classname="GenerateReportsAutomation"/>
  <testcase name="placeOrderTwoProductWithFilter" time="0.001" classname="GenerateReportsAutomation"/>
</testsuite>
